<?xml version="1.0" encoding="UTF-8"?>
<!-- Generated by org.testng.reporters.JUnitReportReporter -->
<testsuite hostname="Surya-Prakash" failures="0" tests="4" name="testcases.FacebookTestScenarios" time="66.832" errors="0" timestamp="2024-02-24T19:04:29 IST" skipped="3">
  <testcase classname="testcases.FacebookTestScenarios" name="verifyUserCanChangeProfilePicture" time="66.832"/>
  <testcase classname="testcases.FacebookTestScenarios" name="createNewFacebookUser">
    <skipped/>
  </testcase> <!-- createNewFacebookUser -->
  <testcase classname="testcases.FacebookTestScenarios" name="verifyLoginAuthentication">
    <skipped/>
  </testcase> <!-- verifyLoginAuthentication -->
  <testcase classname="testcases.FacebookTestScenarios" name="VerifyDuplicateMobileNumber">
    <skipped/>
  </testcase> <!-- VerifyDuplicateMobileNumber -->
</testsuite> <!-- testcases.FacebookTestScenarios -->
