<?xml version="1.0" encoding="UTF-8"?>
<!-- Generated by org.testng.reporters.JUnitReportReporter -->
<testsuite hostname="PRAKRUTI-UNGAMJI" failures="0" tests="19" name="testcases.Facebook_L2_AutomationTest" time="0.065" errors="0" timestamp="2024-02-29T16:19:25 IST" skipped="0">
  <testcase classname="testcases.Facebook_L2_AutomationTest" name="validateFacebookHomePage" time="0.029"/>
  <testcase classname="testcases.Facebook_L2_AutomationTest" name="validateProfileName" time="0.002"/>
  <testcase classname="testcases.Facebook_L2_AutomationTest" name="uploadProfilePicture" time="0.001"/>
  <testcase classname="testcases.Facebook_L2_AutomationTest" name="uploadCoverPhoto" time="0.001"/>
  <testcase classname="testcases.Facebook_L2_AutomationTest" name="clickOnEditProfileAddDetailsInBioSections" time="0.003"/>
  <testcase classname="testcases.Facebook_L2_AutomationTest" name="clicOnPostGoToIntoAddDetailsInAddBio" time="0.002"/>
  <testcase classname="testcases.Facebook_L2_AutomationTest" name="clicOnPostGoToIntoClickOnEditDetailsAddWorkPlace" time="0.002"/>
  <testcase classname="testcases.Facebook_L2_AutomationTest" name="clicOnPostGoToIntoClickOnEditFeaturedAddOneFeaturedPhotos" time="0.005"/>
  <testcase classname="testcases.Facebook_L2_AutomationTest" name="gotoAboutClickOnOverviewAddWorkplace" time="0.003"/>
  <testcase classname="testcases.Facebook_L2_AutomationTest" name="gotoAboutClickOnOverviewAddSecondaryHighSchool" time="0.002"/>
  <testcase classname="testcases.Facebook_L2_AutomationTest" name="gotoAboutClickOnOverviewAddUniversity" time="0.002"/>
  <testcase classname="testcases.Facebook_L2_AutomationTest" name="gotoAboutClickOnOverviewAddCurrentCity" time="0.002"/>
  <testcase classname="testcases.Facebook_L2_AutomationTest" name="gotoAboutClickOnOverviewAddHomeTown" time="0.005"/>
  <testcase classname="testcases.Facebook_L2_AutomationTest" name="gotoAboutClickOnOverviewAddRelationShipStatus" time="0.001"/>
  <testcase classname="testcases.Facebook_L2_AutomationTest" name="gotoAboutClickOnOverviewEditPhoneNumber" time="0.001"/>
  <testcase classname="testcases.Facebook_L2_AutomationTest" name="go_to_notification" time="0.001"/>
  <testcase classname="testcases.Facebook_L2_AutomationTest" name="go_to_marketPlace" time="0.001"/>
  <testcase classname="testcases.Facebook_L2_AutomationTest" name="like_any_post" time="0.001"/>
  <testcase classname="testcases.Facebook_L2_AutomationTest" name="click_on_events" time="0.001"/>
</testsuite> <!-- testcases.Facebook_L2_AutomationTest -->
