<?xml version="1.0" encoding="UTF-8"?>
<!-- Generated by org.testng.reporters.JUnitReportReporter -->
<testsuite hostname="SUDHANSHU-RTRBRAT4" failures="0" tests="1" name="testcases.DemoAutomationRegister" time="6.938" errors="0" timestamp="2024-02-27T10:56:24 IST" skipped="0">
  <testcase classname="testcases.DemoAutomationRegister" name="clickOnRegisterLinkAndFillTheForms" time="6.938"/>
</testsuite> <!-- testcases.DemoAutomationRegister -->
